
> kaamkaro-client@1.0.0 dev
> vite


  VITE v5.4.21  ready in 138 ms

  ➜  Local:   http://localhost:5173/
  ➜  Network: use --host to expose

> kaamkaro-client@1.0.0 dev
> vite


  VITE v5.4.21  ready in 349 ms

  ➜  Local:   http://localhost:5173/
  ➜  Network: use --host to expose

> kaamkaro-client@1.0.0 dev
> vite


  VITE v5.4.21  ready in 184 ms

  ➜  Local:   http://localhost:5173/
  ➜  Network: use --host to expose
11:15:14 am [vite] page reload src/main.tsx
11:15:29 am [vite] hmr update /src/index.css, /src/contexts/AuthContext.tsx, /src/pages/WebhookSetup.tsx, /src/pages/Diary.tsx, /src/pages/Goals.tsx, /src/pages/Leaderboard.tsx, /src/pages/Templates.tsx, /src/pages/Staff.tsx, /src/pages/AuditLog.tsx, /src/pages/Tasks.tsx, /src/pages/FollowupQueue.tsx, /src/pages/Recommendations.tsx, /src/pages/Vendors.tsx, /src/pages/StaffProfile.tsx, /src/pages/Dashboard.tsx, /src/pages/Customers.tsx, /src/components/Sidebar.tsx, /src/components/KamalAssistant.tsx, /src/components/NotificationsBell.tsx
11:16:45 am [vite] hmr update /src/pages/Diary.tsx, /src/index.css
11:16:52 am [vite] hmr update /src/pages/Diary.tsx, /src/index.css
11:17:24 am [vite] hmr update /src/components/KamalAssistant.tsx, /src/index.css
11:17:32 am [vite] hmr update /src/components/KamalAssistant.tsx, /src/index.css
11:17:56 am [vite] hmr update /src/index.css, /src/pages/Diary.tsx, /src/pages/Customers.tsx
11:18:14 am [vite] hmr update /src/contexts/AuthContext.tsx, /src/index.css
1:50:26 pm [vite] hmr update /src/pages/Dashboard.tsx, /src/index.css
1:50:45 pm [vite] hmr update /src/pages/StaffProfile.tsx, /src/index.css
1:50:55 pm [vite] hmr update /src/pages/Diary.tsx, /src/index.css
2:26:33 pm [vite] hmr update /src/pages/Diary.tsx, /src/index.css
2:26:41 pm [vite] hmr update /src/pages/Diary.tsx, /src/index.css
2:26:54 pm [vite] hmr update /src/pages/Diary.tsx, /src/index.css
2:46:55 pm [vite] hmr update /src/pages/Diary.tsx, /src/index.css
2:47:04 pm [vite] hmr update /src/pages/Diary.tsx, /src/index.css
2:58:15 pm [vite] hmr update /src/pages/Diary.tsx, /src/index.css
2:58:20 pm [vite] hmr update /src/pages/Diary.tsx, /src/index.css
2:58:27 pm [vite] hmr update /src/pages/Diary.tsx, /src/index.css
2:58:34 pm [vite] hmr update /src/pages/Diary.tsx, /src/index.css
7:25:44 pm [vite] hmr update /src/pages/Diary.tsx, /src/index.css
